[01m[K/home/gfigneczi1/ros2_ws/src/CooperativeResearchPlatform/crp_APL/planners/plan_lat_lane_follow_ldm/src/wrapperPlanLatLaneFollowLdm.cpp:[m[K In member function â€˜[01m[Kvirtual void crp::apl::PlanLatLaneFollowHandler::plan(const crp::apl::PlannerInput&, crp::apl::PlannerOutput&)[m[Kâ€™:
[01m[K/home/gfigneczi1/ros2_ws/src/CooperativeResearchPlatform/crp_APL/planners/plan_lat_lane_follow_ldm/src/wrapperPlanLatLaneFollowLdm.cpp:20:22:[m[K [01;35m[Kwarning: [m[Kvariable â€˜[01m[KtrajectoryOutput[m[Kâ€™ set but not used [[01;35m[K]8;;https://gcc.gnu.org/onlinedocs/gcc/Warning-Options.html#index-Wunused-but-set-variable-Wunused-but-set-variable]8;;[m[K]
   20 |     TrajectoryOutput [01;35m[KtrajectoryOutput[m[K = m_linearDriverModel.runCoeffsLite(
      |                      [01;35m[K^~~~~~~~~~~~~~~~[m[K
[01m[K/home/gfigneczi1/ros2_ws/src/CooperativeResearchPlatform/crp_APL/planners/plan_lat_lane_follow_ldm/src/wrapperPlanLatLaneFollowLdm.cpp:11:91:[m[K [01;35m[Kwarning: [m[Kunused parameter â€˜[01m[Koutput[m[Kâ€™ [[01;35m[K]8;;https://gcc.gnu.org/onlinedocs/gcc/Warning-Options.html#index-Wunused-parameter-Wunused-parameter]8;;[m[K]
   11 | void crp::apl::PlanLatLaneFollowHandler::plan(const PlannerInput & input, [01;35m[KPlannerOutput & output[m[K)
      |                                                                           [01;35m[K~~~~~~~~~~~~~~~~^~~~~~[m[K
[01m[K/home/gfigneczi1/ros2_ws/src/CooperativeResearchPlatform/crp_APL/planners/plan_lat_lane_follow_ldm/src/wrapperPlanLatLaneFollowLdm.cpp:[m[K In member function â€˜[01m[Kvoid crp::apl::PlanLatLaneFollowHandler::calculateNodePoints(const crp::apl::PlannerInput&)[m[Kâ€™:
[01m[K/home/gfigneczi1/ros2_ws/src/CooperativeResearchPlatform/crp_APL/planners/plan_lat_lane_follow_ldm/src/wrapperPlanLatLaneFollowLdm.cpp:57:21:[m[K [01;31m[Kerror: [m[Kâ€˜[01m[KfitThirdOrderPolynomial[m[Kâ€™ was not declared in this scope
   57 |                     [01;31m[KfitThirdOrderPolynomial[m[K(segmentPointsX,segmentPointsY);
      |                     [01;31m[K^~~~~~~~~~~~~~~~~~~~~~~[m[K
gmake[2]: *** [CMakeFiles/plan_lat_lane_follow_ldm.dir/build.make:76: CMakeFiles/plan_lat_lane_follow_ldm.dir/src/wrapperPlanLatLaneFollowLdm.cpp.o] Error 1
gmake[1]: *** [CMakeFiles/Makefile2:137: CMakeFiles/plan_lat_lane_follow_ldm.dir/all] Error 2
gmake: *** [Makefile:146: all] Error 2
