[35m[1mConsolidate compiler generated dependencies of target plan_lat_lane_follow_ldm[0m
[ 11%] [32mBuilding CXX object CMakeFiles/plan_lat_lane_follow_ldm.dir/src/wrapperPlanLatLaneFollowLdm.cpp.o[0m
[01m[K/home/gfigneczi1/ros2_ws/src/CooperativeResearchPlatform/crp_APL/planners/plan_lat_lane_follow_ldm/src/wrapperPlanLatLaneFollowLdm.cpp:[m[K In constructor â€˜[01m[Kcrp::apl::PlanLatLaneFollowHandler::PlanLatLaneFollowHandler()[m[Kâ€™:
[01m[K/home/gfigneczi1/ros2_ws/src/CooperativeResearchPlatform/crp_APL/planners/plan_lat_lane_follow_ldm/src/wrapperPlanLatLaneFollowLdm.cpp:8:79:[m[K [01;31m[Kerror: [m[Kexpected primary-expression before â€˜[01m[Kdouble[m[Kâ€™
    8 |     this->declare_parameter("/plan_lat_lane_follow_ldm/trajectoryResolution", [01;31m[Kdouble[m[K);
      |                                                                               [01;31m[K^~~~~~[m[K
[01m[K/home/gfigneczi1/ros2_ws/src/CooperativeResearchPlatform/crp_APL/planners/plan_lat_lane_follow_ldm/src/wrapperPlanLatLaneFollowLdm.cpp:[m[K In member function â€˜[01m[Kvirtual void crp::apl::PlanLatLaneFollowHandler::plan(const crp::apl::PlannerInput&, crp::apl::PlannerOutput&)[m[Kâ€™:
[01m[K/home/gfigneczi1/ros2_ws/src/CooperativeResearchPlatform/crp_APL/planners/plan_lat_lane_follow_ldm/src/wrapperPlanLatLaneFollowLdm.cpp:12:91:[m[K [01;35m[Kwarning: [m[Kunused parameter â€˜[01m[Koutput[m[Kâ€™ [[01;35m[K]8;;https://gcc.gnu.org/onlinedocs/gcc/Warning-Options.html#index-Wunused-parameter-Wunused-parameter]8;;[m[K]
   12 | void crp::apl::PlanLatLaneFollowHandler::plan(const PlannerInput & input, [01;35m[KPlannerOutput & output[m[K)
      |                                                                           [01;35m[K~~~~~~~~~~~~~~~~^~~~~~[m[K
gmake[2]: *** [CMakeFiles/plan_lat_lane_follow_ldm.dir/build.make:76: CMakeFiles/plan_lat_lane_follow_ldm.dir/src/wrapperPlanLatLaneFollowLdm.cpp.o] Error 1
gmake[1]: *** [CMakeFiles/Makefile2:137: CMakeFiles/plan_lat_lane_follow_ldm.dir/all] Error 2
gmake: *** [Makefile:146: all] Error 2
