[35m[1mConsolidate compiler generated dependencies of target plan_lat_lane_follow_ldm[0m
[ 12%] [32mBuilding CXX object CMakeFiles/plan_lat_lane_follow_ldm.dir/src/wrapper.cpp.o[0m
[ 25%] [32mBuilding CXX object CMakeFiles/plan_lat_lane_follow_ldm.dir/src/functionCode/src/linearDriverModel_controlLogic.cpp.o[0m
[ 37%] [32mBuilding CXX object CMakeFiles/plan_lat_lane_follow_ldm.dir/src/functionCode/src/linearDriverModelDriverModel/linearDriverModel_driverModel.cpp.o[0m
[ 50%] [32mBuilding CXX object CMakeFiles/plan_lat_lane_follow_ldm.dir/src/functionCode/src/linearDriverModel.cpp.o[0m
In file included from [01m[K/home/gfigneczi1/ros2_ws/src/CooperativeResearchPlatform/crp_APL/planners/plan_lat_lane_follow_ldm/src/functionCode/src/../inc/linearDriverModel/linearDriverModel_controlLogic.hpp:17[m[K,
                 from [01m[K/home/gfigneczi1/ros2_ws/src/CooperativeResearchPlatform/crp_APL/planners/plan_lat_lane_follow_ldm/src/functionCode/src/linearDriverModel_controlLogic.cpp:14[m[K:
[01m[K/home/gfigneczi1/ros2_ws/src/CooperativeResearchPlatform/crp_APL/planners/plan_lat_lane_follow_ldm/src/functionCode/src/../inc/linearDriverModel/../linearDriverModel/linearDriverModel_interfaces.hpp:21:10:[m[K [01;31m[Kfatal error: [m[K../../../../interfaces/plannerInterfaces/plannerInterfaces.hpp: No such file or directory
   21 | #include [01;31m[K"../../../../interfaces/plannerInterfaces/plannerInterfaces.hpp"[m[K
      |          [01;31m[K^~~~~~~~~~~~~~~~~~~~~~~~~~~~~~~~~~~~~~~~~~~~~~~~~~~~~~~~~~~~~~~~[m[K
compilation terminated.
gmake[2]: *** [CMakeFiles/plan_lat_lane_follow_ldm.dir/build.make:90: CMakeFiles/plan_lat_lane_follow_ldm.dir/src/functionCode/src/linearDriverModel_controlLogic.cpp.o] Error 1
gmake[2]: *** Waiting for unfinished jobs....
In file included from [01m[K/home/gfigneczi1/ros2_ws/src/CooperativeResearchPlatform/crp_APL/planners/plan_lat_lane_follow_ldm/src/functionCode/src/linearDriverModelDriverModel/../../inc/linearDriverModel/linearDriverModel.hpp:17[m[K,
                 from [01m[K/home/gfigneczi1/ros2_ws/src/CooperativeResearchPlatform/crp_APL/planners/plan_lat_lane_follow_ldm/src/functionCode/src/linearDriverModelDriverModel/linearDriverModel_driverModel.cpp:14[m[K:
[01m[K/home/gfigneczi1/ros2_ws/src/CooperativeResearchPlatform/crp_APL/planners/plan_lat_lane_follow_ldm/src/functionCode/src/linearDriverModelDriverModel/../../inc/linearDriverModel/linearDriverModel_interfaces.hpp:21:10:[m[K [01;31m[Kfatal error: [m[K../../../../interfaces/plannerInterfaces/plannerInterfaces.hpp: No such file or directory
   21 | #include [01;31m[K"../../../../interfaces/plannerInterfaces/plannerInterfaces.hpp"[m[K
      |          [01;31m[K^~~~~~~~~~~~~~~~~~~~~~~~~~~~~~~~~~~~~~~~~~~~~~~~~~~~~~~~~~~~~~~~[m[K
compilation terminated.
gmake[2]: *** [CMakeFiles/plan_lat_lane_follow_ldm.dir/build.make:118: CMakeFiles/plan_lat_lane_follow_ldm.dir/src/functionCode/src/linearDriverModelDriverModel/linearDriverModel_driverModel.cpp.o] Error 1
In file included from [01m[K/home/gfigneczi1/ros2_ws/src/CooperativeResearchPlatform/crp_APL/planners/plan_lat_lane_follow_ldm/src/functionCode/src/../inc/linearDriverModel/linearDriverModel.hpp:17[m[K,
                 from [01m[K/home/gfigneczi1/ros2_ws/src/CooperativeResearchPlatform/crp_APL/planners/plan_lat_lane_follow_ldm/src/functionCode/src/linearDriverModel.cpp:14[m[K:
[01m[K/home/gfigneczi1/ros2_ws/src/CooperativeResearchPlatform/crp_APL/planners/plan_lat_lane_follow_ldm/src/functionCode/src/../inc/linearDriverModel/linearDriverModel_interfaces.hpp:21:10:[m[K [01;31m[Kfatal error: [m[K../../../../interfaces/plannerInterfaces/plannerInterfaces.hpp: No such file or directory
   21 | #include [01;31m[K"../../../../interfaces/plannerInterfaces/plannerInterfaces.hpp"[m[K
      |          [01;31m[K^~~~~~~~~~~~~~~~~~~~~~~~~~~~~~~~~~~~~~~~~~~~~~~~~~~~~~~~~~~~~~~~[m[K
compilation terminated.
gmake[2]: *** [CMakeFiles/plan_lat_lane_follow_ldm.dir/build.make:104: CMakeFiles/plan_lat_lane_follow_ldm.dir/src/functionCode/src/linearDriverModel.cpp.o] Error 1
In file included from [01m[K/home/gfigneczi1/ros2_ws/src/CooperativeResearchPlatform/crp_APL/planners/plan_lat_lane_follow_ldm/src/../include/../src/functionCode/inc/linearDriverModel/linearDriverModel.hpp:17[m[K,
                 from [01m[K/home/gfigneczi1/ros2_ws/src/CooperativeResearchPlatform/crp_APL/planners/plan_lat_lane_follow_ldm/src/../include/wrapper.hpp:7[m[K,
                 from [01m[K/home/gfigneczi1/ros2_ws/src/CooperativeResearchPlatform/crp_APL/planners/plan_lat_lane_follow_ldm/src/wrapper.cpp:1[m[K:
[01m[K/home/gfigneczi1/ros2_ws/src/CooperativeResearchPlatform/crp_APL/planners/plan_lat_lane_follow_ldm/src/../include/../src/functionCode/inc/linearDriverModel/linearDriverModel_interfaces.hpp:21:10:[m[K [01;31m[Kfatal error: [m[K../../../../interfaces/plannerInterfaces/plannerInterfaces.hpp: No such file or directory
   21 | #include [01;31m[K"../../../../interfaces/plannerInterfaces/plannerInterfaces.hpp"[m[K
      |          [01;31m[K^~~~~~~~~~~~~~~~~~~~~~~~~~~~~~~~~~~~~~~~~~~~~~~~~~~~~~~~~~~~~~~~[m[K
compilation terminated.
gmake[2]: *** [CMakeFiles/plan_lat_lane_follow_ldm.dir/build.make:76: CMakeFiles/plan_lat_lane_follow_ldm.dir/src/wrapper.cpp.o] Error 1
gmake[1]: *** [CMakeFiles/Makefile2:137: CMakeFiles/plan_lat_lane_follow_ldm.dir/all] Error 2
gmake: *** [Makefile:146: all] Error 2
