[35m[1mConsolidate compiler generated dependencies of target plan_lat_lane_follow_ldm[0m
[ 12%] [32mBuilding CXX object CMakeFiles/plan_lat_lane_follow_ldm.dir/src/wrapper.cpp.o[0m
[ 25%] [32mBuilding CXX object CMakeFiles/plan_lat_lane_follow_ldm.dir/src/functionCode/src/linearDriverModel_controlLogic.cpp.o[0m
[ 37%] [32mBuilding CXX object CMakeFiles/plan_lat_lane_follow_ldm.dir/src/functionCode/src/linearDriverModel.cpp.o[0m
[ 50%] [32mBuilding CXX object CMakeFiles/plan_lat_lane_follow_ldm.dir/src/functionCode/src/linearDriverModelDriverModel/linearDriverModel_driverModel.cpp.o[0m
[01m[K/home/gfigneczi1/ros2_ws/src/CooperativeResearchPlatform/crp_APL/planners/plan_lat_lane_follow_ldm/src/functionCode/src/linearDriverModel_controlLogic.cpp:[m[K In member function â€˜[01m[Kvoid ControlLogic::corridorValidityCalc(const ScenarioPolynomials&, const Pose2D&)[m[Kâ€™:
[01m[K/home/gfigneczi1/ros2_ws/src/CooperativeResearchPlatform/crp_APL/planners/plan_lat_lane_follow_ldm/src/functionCode/src/linearDriverModel_controlLogic.cpp:26:10:[m[K [01;35m[Kwarning: [m[Kunused variable â€˜[01m[KinvalidEgoPose[m[Kâ€™ [[01;35m[K]8;;https://gcc.gnu.org/onlinedocs/gcc/Warning-Options.html#index-Wunused-variable-Wunused-variable]8;;[m[K]
   26 |    bool  [01;35m[KinvalidEgoPose[m[K{false};
      |          [01;35m[K^~~~~~~~~~~~~~[m[K
[01m[K/home/gfigneczi1/ros2_ws/src/CooperativeResearchPlatform/crp_APL/planners/plan_lat_lane_follow_ldm/src/functionCode/src/linearDriverModel_controlLogic.cpp:18:31:[m[K [01;35m[Kwarning: [m[Kunused parameter â€˜[01m[KcorridorCoefficients[m[Kâ€™ [[01;35m[K]8;;https://gcc.gnu.org/onlinedocs/gcc/Warning-Options.html#index-Wunused-parameter-Wunused-parameter]8;;[m[K]
   18 |    [01;35m[Kconst ScenarioPolynomials& corridorCoefficients[m[K, const Pose2D& egoPoseGlobal)
      |    [01;35m[K~~~~~~~~~~~~~~~~~~~~~~~~~~~^~~~~~~~~~~~~~~~~~~~[m[K
In file included from [01m[K/home/gfigneczi1/ros2_ws/src/CooperativeResearchPlatform/crp_APL/planners/plan_lat_lane_follow_ldm/src/functionCode/src/linearDriverModelDriverModel/linearDriverModel_driverModel.cpp:14[m[K:
[01m[K/home/gfigneczi1/ros2_ws/src/CooperativeResearchPlatform/crp_APL/planners/plan_lat_lane_follow_ldm/src/functionCode/src/linearDriverModelDriverModel/../../inc/linearDriverModel/linearDriverModel.hpp:30:13:[m[K [01;31m[Kerror: [m[Kâ€˜[01m[KPlannerInput[m[Kâ€™ does not name a type
   30 |       const [01;31m[KPlannerInput[m[K & input, PlannerOutput & output, const LDMParamIn& parameters);
      |             [01;31m[K^~~~~~~~~~~~[m[K
[01m[K/home/gfigneczi1/ros2_ws/src/CooperativeResearchPlatform/crp_APL/planners/plan_lat_lane_follow_ldm/src/functionCode/src/linearDriverModelDriverModel/../../inc/linearDriverModel/linearDriverModel.hpp:30:35:[m[K [01;31m[Kerror: [m[Kâ€˜[01m[KPlannerOutput[m[Kâ€™ has not been declared
   30 |       const PlannerInput & input, [01;31m[KPlannerOutput[m[K & output, const LDMParamIn& parameters);
      |                                   [01;31m[K^~~~~~~~~~~~~[m[K
In file included from [01m[K/home/gfigneczi1/ros2_ws/src/CooperativeResearchPlatform/crp_APL/planners/plan_lat_lane_follow_ldm/src/functionCode/src/linearDriverModel.cpp:14[m[K:
[01m[K/home/gfigneczi1/ros2_ws/src/CooperativeResearchPlatform/crp_APL/planners/plan_lat_lane_follow_ldm/src/functionCode/src/../inc/linearDriverModel/linearDriverModel.hpp:30:13:[m[K [01;31m[Kerror: [m[Kâ€˜[01m[KPlannerInput[m[Kâ€™ does not name a type
   30 |       const [01;31m[KPlannerInput[m[K & input, PlannerOutput & output, const LDMParamIn& parameters);
      |             [01;31m[K^~~~~~~~~~~~[m[K
[01m[K/home/gfigneczi1/ros2_ws/src/CooperativeResearchPlatform/crp_APL/planners/plan_lat_lane_follow_ldm/src/functionCode/src/../inc/linearDriverModel/linearDriverModel.hpp:30:35:[m[K [01;31m[Kerror: [m[Kâ€˜[01m[KPlannerOutput[m[Kâ€™ has not been declared
   30 |       const PlannerInput & input, [01;31m[KPlannerOutput[m[K & output, const LDMParamIn& parameters);
      |                                   [01;31m[K^~~~~~~~~~~~~[m[K
[01m[K/home/gfigneczi1/ros2_ws/src/CooperativeResearchPlatform/crp_APL/planners/plan_lat_lane_follow_ldm/src/functionCode/src/linearDriverModel.cpp:28:10:[m[K [01;31m[Kerror: [m[Kâ€˜[01m[KPlannerInput[m[Kâ€™ does not name a type
   28 |    const [01;31m[KPlannerInput[m[K & input,
      |          [01;31m[K^~~~~~~~~~~~[m[K
[01m[K/home/gfigneczi1/ros2_ws/src/CooperativeResearchPlatform/crp_APL/planners/plan_lat_lane_follow_ldm/src/functionCode/src/linearDriverModel.cpp:29:4:[m[K [01;31m[Kerror: [m[Kâ€˜[01m[KPlannerOutput[m[Kâ€™ has not been declared
   29 |    [01;31m[KPlannerOutput[m[K & output,
      |    [01;31m[K^~~~~~~~~~~~~[m[K
[01m[K/home/gfigneczi1/ros2_ws/src/CooperativeResearchPlatform/crp_APL/planners/plan_lat_lane_follow_ldm/src/functionCode/src/linearDriverModel.cpp:[m[K In member function â€˜[01m[Kvoid LinearDriverModel::plan(const int&, int&, const LDMParamIn&)[m[Kâ€™:
[01m[K/home/gfigneczi1/ros2_ws/src/CooperativeResearchPlatform/crp_APL/planners/plan_lat_lane_follow_ldm/src/functionCode/src/linearDriverModel.cpp:34:33:[m[K [01;31m[Kerror: [m[Kâ€˜[01m[KcorridorCoefficients[m[Kâ€™ was not declared in this scope
   34 |       controlLogic.calcValidity([01;31m[KcorridorCoefficients[m[K, egoPoseGlobal, parameters, firstCycle);
      |                                 [01;31m[K^~~~~~~~~~~~~~~~~~~~[m[K
[01m[K/home/gfigneczi1/ros2_ws/src/CooperativeResearchPlatform/crp_APL/planners/plan_lat_lane_follow_ldm/src/functionCode/src/linearDriverModel.cpp:34:55:[m[K [01;31m[Kerror: [m[Kâ€˜[01m[KegoPoseGlobal[m[Kâ€™ was not declared in this scope; did you mean â€˜[01m[KegoPoseGlobalPlan[m[Kâ€™?
   34 |       controlLogic.calcValidity(corridorCoefficients, [01;31m[KegoPoseGlobal[m[K, parameters, firstCycle);
      |                                                       [01;31m[K^~~~~~~~~~~~~[m[K
      |                                                       [32m[KegoPoseGlobalPlan[m[K
[01m[K/home/gfigneczi1/ros2_ws/src/CooperativeResearchPlatform/crp_APL/planners/plan_lat_lane_follow_ldm/src/functionCode/src/linearDriverModel.cpp:28:25:[m[K [01;35m[Kwarning: [m[Kunused parameter â€˜[01m[Kinput[m[Kâ€™ [[01;35m[K]8;;https://gcc.gnu.org/onlinedocs/gcc/Warning-Options.html#index-Wunused-parameter-Wunused-parameter]8;;[m[K]
   28 |    [01;35m[Kconst PlannerInput & input[m[K,
      |    [01;35m[K~~~~~~~~~~~~~~~~~~~~~^~~~~[m[K
[01m[K/home/gfigneczi1/ros2_ws/src/CooperativeResearchPlatform/crp_APL/planners/plan_lat_lane_follow_ldm/src/functionCode/src/linearDriverModel.cpp:29:20:[m[K [01;35m[Kwarning: [m[Kunused parameter â€˜[01m[Koutput[m[Kâ€™ [[01;35m[K]8;;https://gcc.gnu.org/onlinedocs/gcc/Warning-Options.html#index-Wunused-parameter-Wunused-parameter]8;;[m[K]
   29 |    [01;35m[KPlannerOutput & output[m[K,
      |    [01;35m[K~~~~~~~~~~~~~~~~^~~~~~[m[K
[ 62%] [32mBuilding CXX object CMakeFiles/plan_lat_lane_follow_ldm.dir/src/functionCode/src/linearDriverModelPlanner/linearDriverModel_segmentPlanner.cpp.o[0m
gmake[2]: *** [CMakeFiles/plan_lat_lane_follow_ldm.dir/build.make:118: CMakeFiles/plan_lat_lane_follow_ldm.dir/src/functionCode/src/linearDriverModelDriverModel/linearDriverModel_driverModel.cpp.o] Error 1
gmake[2]: *** Waiting for unfinished jobs....
gmake[2]: *** [CMakeFiles/plan_lat_lane_follow_ldm.dir/build.make:104: CMakeFiles/plan_lat_lane_follow_ldm.dir/src/functionCode/src/linearDriverModel.cpp.o] Error 1
In file included from [01m[K/home/gfigneczi1/ros2_ws/src/CooperativeResearchPlatform/crp_APL/planners/plan_lat_lane_follow_ldm/src/../include/wrapper.hpp:7[m[K,
                 from [01m[K/home/gfigneczi1/ros2_ws/src/CooperativeResearchPlatform/crp_APL/planners/plan_lat_lane_follow_ldm/src/wrapper.cpp:1[m[K:
[01m[K/home/gfigneczi1/ros2_ws/src/CooperativeResearchPlatform/crp_APL/planners/plan_lat_lane_follow_ldm/src/../include/../src/functionCode/inc/linearDriverModel/linearDriverModel.hpp:30:13:[m[K [01;31m[Kerror: [m[Kâ€˜[01m[KPlannerInput[m[Kâ€™ does not name a type
   30 |       const [01;31m[KPlannerInput[m[K & input, PlannerOutput & output, const LDMParamIn& parameters);
      |             [01;31m[K^~~~~~~~~~~~[m[K
[01m[K/home/gfigneczi1/ros2_ws/src/CooperativeResearchPlatform/crp_APL/planners/plan_lat_lane_follow_ldm/src/../include/../src/functionCode/inc/linearDriverModel/linearDriverModel.hpp:30:35:[m[K [01;31m[Kerror: [m[Kâ€˜[01m[KPlannerOutput[m[Kâ€™ has not been declared
   30 |       const PlannerInput & input, [01;31m[KPlannerOutput[m[K & output, const LDMParamIn& parameters);
      |                                   [01;31m[K^~~~~~~~~~~~~[m[K
[01m[K/home/gfigneczi1/ros2_ws/src/CooperativeResearchPlatform/crp_APL/planners/plan_lat_lane_follow_ldm/src/wrapper.cpp:[m[K In member function â€˜[01m[Kvirtual void crp::apl::PlanLatLaneFollowHandler::plan(const crp::apl::PlannerInput&, crp::apl::PlannerOutput&)[m[Kâ€™:
[01m[K/home/gfigneczi1/ros2_ws/src/CooperativeResearchPlatform/crp_APL/planners/plan_lat_lane_follow_ldm/src/wrapper.cpp:13:9:[m[K [01;31m[Kerror: [m[Kcannot convert â€˜[01m[Kconst crp::apl::PlannerInput[m[Kâ€™ to â€˜[01m[Kconst int&[m[Kâ€™
   13 |         [01;31m[Kinput[m[K,
      |         [01;31m[K^~~~~[m[K
      |         [01;31m[K|[m[K
      |         [01;31m[Kconst crp::apl::PlannerInput[m[K
In file included from [01m[K/home/gfigneczi1/ros2_ws/src/CooperativeResearchPlatform/crp_APL/planners/plan_lat_lane_follow_ldm/src/../include/wrapper.hpp:7[m[K,
                 from [01m[K/home/gfigneczi1/ros2_ws/src/CooperativeResearchPlatform/crp_APL/planners/plan_lat_lane_follow_ldm/src/wrapper.cpp:1[m[K:
[01m[K/home/gfigneczi1/ros2_ws/src/CooperativeResearchPlatform/crp_APL/planners/plan_lat_lane_follow_ldm/src/../include/../src/functionCode/inc/linearDriverModel/linearDriverModel.hpp:30:28:[m[K [01;36m[Knote: [m[K  initializing argument 1 of â€˜[01m[Kvoid LinearDriverModel::plan(const int&, int&, const LDMParamIn&)[m[Kâ€™
   30 |       [01;36m[Kconst PlannerInput & input[m[K, PlannerOutput & output, const LDMParamIn& parameters);
      |       [01;36m[K~~~~~~~~~~~~~~~~~~~~~^~~~~[m[K
[01m[K/home/gfigneczi1/ros2_ws/src/CooperativeResearchPlatform/crp_APL/planners/plan_lat_lane_follow_ldm/src/wrapper.cpp:12:22:[m[K [01;35m[Kwarning: [m[Kunused variable â€˜[01m[KtrajectoryOutput[m[Kâ€™ [[01;35m[K]8;;https://gcc.gnu.org/onlinedocs/gcc/Warning-Options.html#index-Wunused-variable-Wunused-variable]8;;[m[K]
   12 |     TrajectoryOutput [01;35m[KtrajectoryOutput[m[K = m_linearDriverModel.plan(
      |                      [01;35m[K^~~~~~~~~~~~~~~~[m[K
gmake[2]: *** [CMakeFiles/plan_lat_lane_follow_ldm.dir/build.make:76: CMakeFiles/plan_lat_lane_follow_ldm.dir/src/wrapper.cpp.o] Error 1
gmake[1]: *** [CMakeFiles/Makefile2:137: CMakeFiles/plan_lat_lane_follow_ldm.dir/all] Error 2
gmake: *** [Makefile:146: all] Error 2
