In file included from [01m[K/home/gfigneczi1/ros2_ws/src/CooperativeResearchPlatform/crp_APL/crp_utils/geometryUtils/src/polynomialRegression.cpp:1[m[K:
[01m[K/home/gfigneczi1/ros2_ws/src/CooperativeResearchPlatform/crp_APL/crp_utils/geometryUtils/src/../inc/polynomialRegression.hpp:4:10:[m[K [01;31m[Kfatal error: [m[K../linearDriverModel/linearDriverModel_interfaces.hpp: No such file or directory
    4 | #include [01;31m[K"../linearDriverModel/linearDriverModel_interfaces.hpp"[m[K
      |          [01;31m[K^~~~~~~~~~~~~~~~~~~~~~~~~~~~~~~~~~~~~~~~~~~~~~~~~~~~~~~[m[K
compilation terminated.
gmake[2]: *** [CMakeFiles/plan_lat_lane_follow_ldm.dir/build.make:174: CMakeFiles/plan_lat_lane_follow_ldm.dir/home/gfigneczi1/ros2_ws/src/CooperativeResearchPlatform/crp_APL/crp_utils/geometryUtils/src/polynomialRegression.cpp.o] Error 1
gmake[2]: *** Waiting for unfinished jobs....
In file included from [01m[K/home/gfigneczi1/ros2_ws/src/CooperativeResearchPlatform/crp_APL/planners/plan_lat_lane_follow_ldm/src/../include/wrapperPlanLatLaneFollowLdm.hpp:12[m[K,
                 from [01m[K/home/gfigneczi1/ros2_ws/src/CooperativeResearchPlatform/crp_APL/planners/plan_lat_lane_follow_ldm/src/wrapperPlanLatLaneFollowLdm.cpp:1[m[K:
[01m[K/home/gfigneczi1/ros2_ws/src/CooperativeResearchPlatform/crp_APL/planners/plan_lat_lane_follow_ldm/src/../include/../../../crp_utils/geometryUtils/inc/polynomialRegression.hpp:4:10:[m[K [01;31m[Kfatal error: [m[K../linearDriverModel/linearDriverModel_interfaces.hpp: No such file or directory
    4 | #include [01;31m[K"../linearDriverModel/linearDriverModel_interfaces.hpp"[m[K
      |          [01;31m[K^~~~~~~~~~~~~~~~~~~~~~~~~~~~~~~~~~~~~~~~~~~~~~~~~~~~~~~[m[K
compilation terminated.
gmake[2]: *** [CMakeFiles/plan_lat_lane_follow_ldm.dir/build.make:76: CMakeFiles/plan_lat_lane_follow_ldm.dir/src/wrapperPlanLatLaneFollowLdm.cpp.o] Error 1
gmake[1]: *** [CMakeFiles/Makefile2:137: CMakeFiles/plan_lat_lane_follow_ldm.dir/all] Error 2
gmake: *** [Makefile:146: all] Error 2
