-- Found ament_cmake: 1.3.7 (/home/gfigneczi1/autoware/install/ament_cmake/share/ament_cmake/cmake)
-- Found rclcpp: 16.0.8 (/opt/ros/humble/share/rclcpp/cmake)
-- Found rosidl_generator_c: 3.1.5 (/opt/ros/humble/share/rosidl_generator_c/cmake)
-- Found rosidl_adapter: 3.1.5 (/opt/ros/humble/share/rosidl_adapter/cmake)
-- Found rosidl_generator_cpp: 3.1.5 (/opt/ros/humble/share/rosidl_generator_cpp/cmake)
-- Using all available rosidl_typesupport_c: rosidl_typesupport_fastrtps_c;rosidl_typesupport_introspection_c
-- Using all available rosidl_typesupport_cpp: rosidl_typesupport_fastrtps_cpp;rosidl_typesupport_introspection_cpp
-- Found rmw_implementation_cmake: 6.1.1 (/opt/ros/humble/share/rmw_implementation_cmake/cmake)
-- Found rmw_cyclonedds_cpp: 1.3.4 (/opt/ros/humble/share/rmw_cyclonedds_cpp/cmake)
-- Using RMW implementation 'rmw_cyclonedds_cpp' as default
-- Found planner_base: 0.0.0 (/home/gfigneczi1/ros2_ws/src/CooperativeResearchPlatform/install/planner_base/share/planner_base/cmake)
-- Found eigen3_cmake_module: 0.1.1 (/opt/ros/humble/share/eigen3_cmake_module/cmake)
-- Ensuring Eigen3 include directory is part of orocos-kdl CMake target
-- Configuring done
-- Generating done
-- Build files have been written to: /home/gfigneczi1/ros2_ws/src/CooperativeResearchPlatform/build/plan_lat_lane_follow_ldm
[35m[1mConsolidate compiler generated dependencies of target plan_lat_lane_follow_ldm[0m
[ 11%] [32mBuilding CXX object CMakeFiles/plan_lat_lane_follow_ldm.dir/home/gfigneczi1/ros2_ws/src/CooperativeResearchPlatform/crp_APL/crp_utils/geometryUtils/src/polynomialRegression.cpp.o[0m
[ 22%] [32mBuilding CXX object CMakeFiles/plan_lat_lane_follow_ldm.dir/src/wrapperPlanLatLaneFollowLdm.cpp.o[0m
In file included from [01m[K/home/gfigneczi1/ros2_ws/src/CooperativeResearchPlatform/crp_APL/crp_utils/geometryUtils/src/polynomialRegression.cpp:1[m[K:
[01m[K/home/gfigneczi1/ros2_ws/src/CooperativeResearchPlatform/crp_APL/crp_utils/geometryUtils/src/../inc/polynomialRegression.hpp:4:10:[m[K [01;31m[Kfatal error: [m[K../linearDriverModel/linearDriverModel_interfaces.hpp: No such file or directory
    4 | #include [01;31m[K"../linearDriverModel/linearDriverModel_interfaces.hpp"[m[K
      |          [01;31m[K^~~~~~~~~~~~~~~~~~~~~~~~~~~~~~~~~~~~~~~~~~~~~~~~~~~~~~~[m[K
compilation terminated.
gmake[2]: *** [CMakeFiles/plan_lat_lane_follow_ldm.dir/build.make:174: CMakeFiles/plan_lat_lane_follow_ldm.dir/home/gfigneczi1/ros2_ws/src/CooperativeResearchPlatform/crp_APL/crp_utils/geometryUtils/src/polynomialRegression.cpp.o] Error 1
gmake[2]: *** Waiting for unfinished jobs....
In file included from [01m[K/home/gfigneczi1/ros2_ws/src/CooperativeResearchPlatform/crp_APL/planners/plan_lat_lane_follow_ldm/src/../include/wrapperPlanLatLaneFollowLdm.hpp:12[m[K,
                 from [01m[K/home/gfigneczi1/ros2_ws/src/CooperativeResearchPlatform/crp_APL/planners/plan_lat_lane_follow_ldm/src/wrapperPlanLatLaneFollowLdm.cpp:1[m[K:
[01m[K/home/gfigneczi1/ros2_ws/src/CooperativeResearchPlatform/crp_APL/planners/plan_lat_lane_follow_ldm/src/../include/../../../crp_utils/geometryUtils/inc/polynomialRegression.hpp:4:10:[m[K [01;31m[Kfatal error: [m[K../linearDriverModel/linearDriverModel_interfaces.hpp: No such file or directory
    4 | #include [01;31m[K"../linearDriverModel/linearDriverModel_interfaces.hpp"[m[K
      |          [01;31m[K^~~~~~~~~~~~~~~~~~~~~~~~~~~~~~~~~~~~~~~~~~~~~~~~~~~~~~~[m[K
compilation terminated.
gmake[2]: *** [CMakeFiles/plan_lat_lane_follow_ldm.dir/build.make:76: CMakeFiles/plan_lat_lane_follow_ldm.dir/src/wrapperPlanLatLaneFollowLdm.cpp.o] Error 1
gmake[1]: *** [CMakeFiles/Makefile2:137: CMakeFiles/plan_lat_lane_follow_ldm.dir/all] Error 2
gmake: *** [Makefile:146: all] Error 2
