In file included from [01m[K/home/gfigneczi1/ros2_ws/src/CooperativeResearchPlatform/crp_APL/crp_utils/geometryUtils/src/polynomialRegression.cpp:1[m[K:
[01m[K/home/gfigneczi1/ros2_ws/src/CooperativeResearchPlatform/crp_APL/crp_utils/geometryUtils/src/../inc/polynomialRegression.hpp:14:9:[m[K [01;31m[Kerror: [m[Kâ€˜[01m[Kvector[m[Kâ€™ in namespace â€˜[01m[Kstd[m[Kâ€™ does not name a template type
   14 |    std::[01;31m[Kvector[m[K<float> fitThirdOrderPolynomial(
      |         [01;31m[K^~~~~~[m[K
[01m[K/home/gfigneczi1/ros2_ws/src/CooperativeResearchPlatform/crp_APL/crp_utils/geometryUtils/src/../inc/polynomialRegression.hpp:1:1:[m[K [01;36m[Knote: [m[Kâ€˜[01m[Kstd::vector[m[Kâ€™ is defined in header â€˜[01m[K<vector>[m[Kâ€™; did you forget to â€˜[01m[K#include <vector>[m[Kâ€™?
  +++ |+[32m[K#include <vector>[m[K
    1 | #ifndef POLYNOMIAL_REGRESSION_HPP_INCLUDED
[01m[K/home/gfigneczi1/ros2_ws/src/CooperativeResearchPlatform/crp_APL/crp_utils/geometryUtils/src/../inc/polynomialRegression.hpp:20:4:[m[K [01;31m[Kerror: [m[Kâ€˜[01m[Kuint8_t[m[Kâ€™ does not name a type
   20 |    [01;31m[Kuint8_t[m[K forwardElimination(float (&gaussMatrix)[4][5]);
      |    [01;31m[K^~~~~~~[m[K
[01m[K/home/gfigneczi1/ros2_ws/src/CooperativeResearchPlatform/crp_APL/crp_utils/geometryUtils/src/../inc/polynomialRegression.hpp:1:1:[m[K [01;36m[Knote: [m[Kâ€˜[01m[Kuint8_t[m[Kâ€™ is defined in header â€˜[01m[K<cstdint>[m[Kâ€™; did you forget to â€˜[01m[K#include <cstdint>[m[Kâ€™?
  +++ |+[32m[K#include <cstdint>[m[K
    1 | #ifndef POLYNOMIAL_REGRESSION_HPP_INCLUDED
[01m[K/home/gfigneczi1/ros2_ws/src/CooperativeResearchPlatform/crp_APL/crp_utils/geometryUtils/src/../inc/polynomialRegression.hpp:25:37:[m[K [01;31m[Kerror: [m[Kâ€˜[01m[Kvector[m[Kâ€™ in namespace â€˜[01m[Kstd[m[Kâ€™ does not name a template type
   25 |    void calculateBvector(const std::[01;31m[Kvector[m[K<float> x,
      |                                     [01;31m[K^~~~~~[m[K
[01m[K/home/gfigneczi1/ros2_ws/src/CooperativeResearchPlatform/crp_APL/crp_utils/geometryUtils/src/../inc/polynomialRegression.hpp:25:32:[m[K [01;36m[Knote: [m[Kâ€˜[01m[Kstd::vector[m[Kâ€™ is defined in header â€˜[01m[K<vector>[m[Kâ€™; did you forget to â€˜[01m[K#include <vector>[m[Kâ€™?
   25 |    void calculateBvector(const [01;36m[Kstd[m[K::vector<float> x,
      |                                [01;36m[K^~~[m[K
[01m[K/home/gfigneczi1/ros2_ws/src/CooperativeResearchPlatform/crp_APL/crp_utils/geometryUtils/src/../inc/polynomialRegression.hpp:25:43:[m[K [01;31m[Kerror: [m[Kexpected â€˜[01m[K,[m[Kâ€™ or â€˜[01m[K...[m[Kâ€™ before â€˜[01m[K<[m[Kâ€™ token
   25 |    void calculateBvector(const std::vector[01;31m[K<[m[Kfloat> x,
      |                                           [01;31m[K^[m[K
[01m[K/home/gfigneczi1/ros2_ws/src/CooperativeResearchPlatform/crp_APL/crp_utils/geometryUtils/src/../inc/polynomialRegression.hpp:27:37:[m[K [01;31m[Kerror: [m[Kâ€˜[01m[Kvector[m[Kâ€™ in namespace â€˜[01m[Kstd[m[Kâ€™ does not name a template type
   27 |    void calculateMmatrix(const std::[01;31m[Kvector[m[K<float> x,
      |                                     [01;31m[K^~~~~~[m[K
[01m[K/home/gfigneczi1/ros2_ws/src/CooperativeResearchPlatform/crp_APL/crp_utils/geometryUtils/src/../inc/polynomialRegression.hpp:27:32:[m[K [01;36m[Knote: [m[Kâ€˜[01m[Kstd::vector[m[Kâ€™ is defined in header â€˜[01m[K<vector>[m[Kâ€™; did you forget to â€˜[01m[K#include <vector>[m[Kâ€™?
   27 |    void calculateMmatrix(const [01;36m[Kstd[m[K::vector<float> x,
      |                                [01;36m[K^~~[m[K
[01m[K/home/gfigneczi1/ros2_ws/src/CooperativeResearchPlatform/crp_APL/crp_utils/geometryUtils/src/../inc/polynomialRegression.hpp:27:43:[m[K [01;31m[Kerror: [m[Kexpected â€˜[01m[K,[m[Kâ€™ or â€˜[01m[K...[m[Kâ€™ before â€˜[01m[K<[m[Kâ€™ token
   27 |    void calculateMmatrix(const std::vector[01;31m[K<[m[Kfloat> x,
      |                                           [01;31m[K^[m[K
[01m[K/home/gfigneczi1/ros2_ws/src/CooperativeResearchPlatform/crp_APL/crp_utils/geometryUtils/src/../inc/polynomialRegression.hpp:30:52:[m[K [01;31m[Kerror: [m[Kâ€˜[01m[Kuint8_t[m[Kâ€™ has not been declared
   30 |    double calculateSubDeterminant(double Mx[4][4], [01;31m[Kuint8_t[m[K);
      |                                                    [01;31m[K^~~~~~~[m[K
[01m[K/home/gfigneczi1/ros2_ws/src/CooperativeResearchPlatform/crp_APL/crp_utils/geometryUtils/src/../inc/polynomialRegression.hpp:31:34:[m[K [01;31m[Kerror: [m[Kâ€˜[01m[Kuint8_t[m[Kâ€™ has not been declared
   31 |    void calculateModifiedMMatrix([01;31m[Kuint8_t[m[K);
      |                                  [01;31m[K^~~~~~~[m[K
[01m[K/home/gfigneczi1/ros2_ws/src/CooperativeResearchPlatform/crp_APL/crp_utils/geometryUtils/src/polynomialRegression.cpp:[m[K In member function â€˜[01m[Kvoid crp::apl::PolynomialSubfunctions::gaussElimination(float (&)[4][5], float (&)[4])[m[Kâ€™:
[01m[K/home/gfigneczi1/ros2_ws/src/CooperativeResearchPlatform/crp_APL/crp_utils/geometryUtils/src/polynomialRegression.cpp:6:4:[m[K [01;31m[Kerror: [m[Kâ€˜[01m[Kint8_t[m[Kâ€™ was not declared in this scope
    6 |    [01;31m[Kint8_t[m[K singular = forwardElimination(gaussMatrix);
      |    [01;31m[K^~~~~~[m[K
[01m[K/home/gfigneczi1/ros2_ws/src/CooperativeResearchPlatform/crp_APL/crp_utils/geometryUtils/src/polynomialRegression.cpp:2:1:[m[K [01;36m[Knote: [m[Kâ€˜[01m[Kint8_t[m[Kâ€™ is defined in header â€˜[01m[K<cstdint>[m[Kâ€™; did you forget to â€˜[01m[K#include <cstdint>[m[Kâ€™?
    1 | #include "../inc/polynomialRegression.hpp"
  +++ |+[32m[K#include <cstdint>[m[K
    2 | 
[01m[K/home/gfigneczi1/ros2_ws/src/CooperativeResearchPlatform/crp_APL/crp_utils/geometryUtils/src/polynomialRegression.cpp:8:8:[m[K [01;31m[Kerror: [m[Kâ€˜[01m[Ksingular[m[Kâ€™ was not declared in this scope
    8 |    if ([01;31m[Ksingular[m[K != -1)
      |        [01;31m[K^~~~~~~~[m[K
[01m[K/home/gfigneczi1/ros2_ws/src/CooperativeResearchPlatform/crp_APL/crp_utils/geometryUtils/src/polynomialRegression.cpp:[m[K At global scope:
[01m[K/home/gfigneczi1/ros2_ws/src/CooperativeResearchPlatform/crp_APL/crp_utils/geometryUtils/src/polynomialRegression.cpp:25:6:[m[K [01;31m[Kerror: [m[Kâ€˜[01m[Kvector[m[Kâ€™ in namespace â€˜[01m[Kstd[m[Kâ€™ does not name a template type
   25 | std::[01;31m[Kvector[m[K<float> crp::apl::PolynomialSubfunctions::fitThirdOrderPolynomial(
      |      [01;31m[K^~~~~~[m[K
[01m[K/home/gfigneczi1/ros2_ws/src/CooperativeResearchPlatform/crp_APL/crp_utils/geometryUtils/src/polynomialRegression.cpp:2:1:[m[K [01;36m[Knote: [m[Kâ€˜[01m[Kstd::vector[m[Kâ€™ is defined in header â€˜[01m[K<vector>[m[Kâ€™; did you forget to â€˜[01m[K#include <vector>[m[Kâ€™?
    1 | #include "../inc/polynomialRegression.hpp"
  +++ |+[32m[K#include <vector>[m[K
    2 | 
[01m[K/home/gfigneczi1/ros2_ws/src/CooperativeResearchPlatform/crp_APL/crp_utils/geometryUtils/src/polynomialRegression.cpp:48:1:[m[K [01;31m[Kerror: [m[Kâ€˜[01m[Kuint8_t[m[Kâ€™ does not name a type
   48 | [01;31m[Kuint8_t[m[K crp::apl::PolynomialSubfunctions::forwardElimination(float (&gaussMatrix)[4][5])
      | [01;31m[K^~~~~~~[m[K
[01m[K/home/gfigneczi1/ros2_ws/src/CooperativeResearchPlatform/crp_APL/crp_utils/geometryUtils/src/polynomialRegression.cpp:48:1:[m[K [01;36m[Knote: [m[Kâ€˜[01m[Kuint8_t[m[Kâ€™ is defined in header â€˜[01m[K<cstdint>[m[Kâ€™; did you forget to â€˜[01m[K#include <cstdint>[m[Kâ€™?
[01m[K/home/gfigneczi1/ros2_ws/src/CooperativeResearchPlatform/crp_APL/crp_utils/geometryUtils/src/polynomialRegression.cpp:[m[K In member function â€˜[01m[Kvoid crp::apl::PolynomialSubfunctions::backSubstitute(float (&)[4][5])[m[Kâ€™:
[01m[K/home/gfigneczi1/ros2_ws/src/CooperativeResearchPlatform/crp_APL/crp_utils/geometryUtils/src/polynomialRegression.cpp:94:9:[m[K [01;31m[Kerror: [m[Kâ€˜[01m[Kint8_t[m[Kâ€™ was not declared in this scope
   94 |    for ([01;31m[Kint8_t[m[K i{3}; i >= 0; i--)
      |         [01;31m[K^~~~~~[m[K
[01m[K/home/gfigneczi1/ros2_ws/src/CooperativeResearchPlatform/crp_APL/crp_utils/geometryUtils/src/polynomialRegression.cpp:94:9:[m[K [01;36m[Knote: [m[Kâ€˜[01m[Kint8_t[m[Kâ€™ is defined in header â€˜[01m[K<cstdint>[m[Kâ€™; did you forget to â€˜[01m[K#include <cstdint>[m[Kâ€™?
[01m[K/home/gfigneczi1/ros2_ws/src/CooperativeResearchPlatform/crp_APL/crp_utils/geometryUtils/src/polynomialRegression.cpp:94:22:[m[K [01;31m[Kerror: [m[Kâ€˜[01m[Ki[m[Kâ€™ was not declared in this scope
   94 |    for (int8_t i{3}; [01;31m[Ki[m[K >= 0; i--)
      |                      [01;31m[K^[m[K
[01m[K/home/gfigneczi1/ros2_ws/src/CooperativeResearchPlatform/crp_APL/crp_utils/geometryUtils/src/polynomialRegression.cpp:94:28:[m[K [01;31m[Kerror: [m[Kexpected â€˜[01m[K)[m[Kâ€™ before â€˜[01m[K;[m[Kâ€™ token
   94 |    for [34m[K([m[Kint8_t i{3}; i >= 0[01;31m[K;[m[K i--)
      |        [34m[K~[m[K                   [01;31m[K^[m[K
      |                            [32m[K)[m[K
[01m[K/home/gfigneczi1/ros2_ws/src/CooperativeResearchPlatform/crp_APL/crp_utils/geometryUtils/src/polynomialRegression.cpp:94:4:[m[K [01;35m[Kwarning: [m[Kthis â€˜[01m[Kfor[m[Kâ€™ clause does not guard... [[01;35m[K]8;;https://gcc.gnu.org/onlinedocs/gcc/Warning-Options.html#index-Wmisleading-indentation-Wmisleading-indentation]8;;[m[K]
   94 |    [01;35m[Kfor[m[K (int8_t i{3}; i >= 0; i--)
      |    [01;35m[K^~~[m[K
[01m[K/home/gfigneczi1/ros2_ws/src/CooperativeResearchPlatform/crp_APL/crp_utils/geometryUtils/src/polynomialRegression.cpp:94:30:[m[K [01;36m[Knote: [m[K...this statement, but the latter is misleadingly indented as if it were guarded by the â€˜[01m[Kfor[m[Kâ€™
   94 |    for (int8_t i{3}; i >= 0; [01;36m[Ki[m[K--)
      |                              [01;36m[K^[m[K
[01m[K/home/gfigneczi1/ros2_ws/src/CooperativeResearchPlatform/crp_APL/crp_utils/geometryUtils/src/polynomialRegression.cpp:94:30:[m[K [01;31m[Kerror: [m[Kâ€˜[01m[Ki[m[Kâ€™ was not declared in this scope
[01m[K/home/gfigneczi1/ros2_ws/src/CooperativeResearchPlatform/crp_APL/crp_utils/geometryUtils/src/polynomialRegression.cpp:92:63:[m[K [01;35m[Kwarning: [m[Kunused parameter â€˜[01m[KgaussMatrix[m[Kâ€™ [[01;35m[K]8;;https://gcc.gnu.org/onlinedocs/gcc/Warning-Options.html#index-Wunused-parameter-Wunused-parameter]8;;[m[K]
   92 | void crp::apl::PolynomialSubfunctions::backSubstitute([01;35m[Kfloat (&gaussMatrix)[4][5][m[K)
      |                                                       [01;35m[K~~~~~~~~^~~~~~~~~~~~~~~~~~[m[K
[01m[K/home/gfigneczi1/ros2_ws/src/CooperativeResearchPlatform/crp_APL/crp_utils/geometryUtils/src/polynomialRegression.cpp:[m[K At global scope:
[01m[K/home/gfigneczi1/ros2_ws/src/CooperativeResearchPlatform/crp_APL/crp_utils/geometryUtils/src/polynomialRegression.cpp:106:16:[m[K [01;31m[Kerror: [m[Kâ€˜[01m[Kvector[m[Kâ€™ in namespace â€˜[01m[Kstd[m[Kâ€™ does not name a template type
  106 |     const std::[01;31m[Kvector[m[K<float> x,
      |                [01;31m[K^~~~~~[m[K
[01m[K/home/gfigneczi1/ros2_ws/src/CooperativeResearchPlatform/crp_APL/crp_utils/geometryUtils/src/polynomialRegression.cpp:106:11:[m[K [01;36m[Knote: [m[Kâ€˜[01m[Kstd::vector[m[Kâ€™ is defined in header â€˜[01m[K<vector>[m[Kâ€™; did you forget to â€˜[01m[K#include <vector>[m[Kâ€™?
  106 |     const [01;36m[Kstd[m[K::vector<float> x,
      |           [01;36m[K^~~[m[K
[01m[K/home/gfigneczi1/ros2_ws/src/CooperativeResearchPlatform/crp_APL/crp_utils/geometryUtils/src/polynomialRegression.cpp:106:22:[m[K [01;31m[Kerror: [m[Kexpected â€˜[01m[K,[m[Kâ€™ or â€˜[01m[K...[m[Kâ€™ before â€˜[01m[K<[m[Kâ€™ token
  106 |     const std::vector[01;31m[K<[m[Kfloat> x,
      |                      [01;31m[K^[m[K
[01m[K/home/gfigneczi1/ros2_ws/src/CooperativeResearchPlatform/crp_APL/crp_utils/geometryUtils/src/polynomialRegression.cpp:[m[K In member function â€˜[01m[Kvoid crp::apl::PolynomialSubfunctions::calculateBvector(int)[m[Kâ€™:
[01m[K/home/gfigneczi1/ros2_ws/src/CooperativeResearchPlatform/crp_APL/crp_utils/geometryUtils/src/polynomialRegression.cpp:110:9:[m[K [01;31m[Kerror: [m[Kâ€˜[01m[Kuint8_t[m[Kâ€™ was not declared in this scope
  110 |    for ([01;31m[Kuint8_t[m[K i = 0; i < 4; i++)
      |         [01;31m[K^~~~~~~[m[K
[01m[K/home/gfigneczi1/ros2_ws/src/CooperativeResearchPlatform/crp_APL/crp_utils/geometryUtils/src/polynomialRegression.cpp:110:9:[m[K [01;36m[Knote: [m[Kâ€˜[01m[Kuint8_t[m[Kâ€™ is defined in header â€˜[01m[K<cstdint>[m[Kâ€™; did you forget to â€˜[01m[K#include <cstdint>[m[Kâ€™?
[01m[K/home/gfigneczi1/ros2_ws/src/CooperativeResearchPlatform/crp_APL/crp_utils/geometryUtils/src/polynomialRegression.cpp:110:24:[m[K [01;31m[Kerror: [m[Kâ€˜[01m[Ki[m[Kâ€™ was not declared in this scope
  110 |    for (uint8_t i = 0; [01;31m[Ki[m[K < 4; i++)
      |                        [01;31m[K^[m[K
[01m[K/home/gfigneczi1/ros2_ws/src/CooperativeResearchPlatform/crp_APL/crp_utils/geometryUtils/src/polynomialRegression.cpp:113:12:[m[K [01;31m[Kerror: [m[Kâ€˜[01m[Kuint16_t[m[Kâ€™ was not declared in this scope
  113 |       for ([01;31m[Kuint16_t[m[K j = 0; j < y.size(); j++)
      |            [01;31m[K^~~~~~~~[m[K
[01m[K/home/gfigneczi1/ros2_ws/src/CooperativeResearchPlatform/crp_APL/crp_utils/geometryUtils/src/polynomialRegression.cpp:113:12:[m[K [01;36m[Knote: [m[Kâ€˜[01m[Kuint16_t[m[Kâ€™ is defined in header â€˜[01m[K<cstdint>[m[Kâ€™; did you forget to â€˜[01m[K#include <cstdint>[m[Kâ€™?
[01m[K/home/gfigneczi1/ros2_ws/src/CooperativeResearchPlatform/crp_APL/crp_utils/geometryUtils/src/polynomialRegression.cpp:113:28:[m[K [01;31m[Kerror: [m[Kâ€˜[01m[Kj[m[Kâ€™ was not declared in this scope
  113 |       for (uint16_t j = 0; [01;31m[Kj[m[K < y.size(); j++)
      |                            [01;31m[K^[m[K
[01m[K/home/gfigneczi1/ros2_ws/src/CooperativeResearchPlatform/crp_APL/crp_utils/geometryUtils/src/polynomialRegression.cpp:113:32:[m[K [01;31m[Kerror: [m[Kâ€˜[01m[Ky[m[Kâ€™ was not declared in this scope
  113 |       for (uint16_t j = 0; j < [01;31m[Ky[m[K.size(); j++)
      |                                [01;31m[K^[m[K
[01m[K/home/gfigneczi1/ros2_ws/src/CooperativeResearchPlatform/crp_APL/crp_utils/geometryUtils/src/polynomialRegression.cpp:115:26:[m[K [01;31m[Kerror: [m[Kâ€˜[01m[Kx[m[Kâ€™ was not declared in this scope
  115 |          sum = sum + pow([01;31m[Kx[m[K.at(j), i) * y.at(j);
      |                          [01;31m[K^[m[K
[01m[K/home/gfigneczi1/ros2_ws/src/CooperativeResearchPlatform/crp_APL/crp_utils/geometryUtils/src/polynomialRegression.cpp:115:22:[m[K [01;31m[Kerror: [m[Kâ€˜[01m[Kpow[m[Kâ€™ was not declared in this scope
  115 |          sum = sum + [01;31m[Kpow[m[K(x.at(j), i) * y.at(j);
      |                      [01;31m[K^~~[m[K
[01m[K/home/gfigneczi1/ros2_ws/src/CooperativeResearchPlatform/crp_APL/crp_utils/geometryUtils/src/polynomialRegression.cpp:[m[K At global scope:
[01m[K/home/gfigneczi1/ros2_ws/src/CooperativeResearchPlatform/crp_APL/crp_utils/geometryUtils/src/polynomialRegression.cpp:122:16:[m[K [01;31m[Kerror: [m[Kâ€˜[01m[Kvector[m[Kâ€™ in namespace â€˜[01m[Kstd[m[Kâ€™ does not name a template type
  122 |     const std::[01;31m[Kvector[m[K<float> x,
      |                [01;31m[K^~~~~~[m[K
[01m[K/home/gfigneczi1/ros2_ws/src/CooperativeResearchPlatform/crp_APL/crp_utils/geometryUtils/src/polynomialRegression.cpp:122:11:[m[K [01;36m[Knote: [m[Kâ€˜[01m[Kstd::vector[m[Kâ€™ is defined in header â€˜[01m[K<vector>[m[Kâ€™; did you forget to â€˜[01m[K#include <vector>[m[Kâ€™?
  122 |     const [01;36m[Kstd[m[K::vector<float> x,
      |           [01;36m[K^~~[m[K
[01m[K/home/gfigneczi1/ros2_ws/src/CooperativeResearchPlatform/crp_APL/crp_utils/geometryUtils/src/polynomialRegression.cpp:122:22:[m[K [01;31m[Kerror: [m[Kexpected â€˜[01m[K,[m[Kâ€™ or â€˜[01m[K...[m[Kâ€™ before â€˜[01m[K<[m[Kâ€™ token
  122 |     const std::vector[01;31m[K<[m[Kfloat> x,
      |                      [01;31m[K^[m[K
[01m[K/home/gfigneczi1/ros2_ws/src/CooperativeResearchPlatform/crp_APL/crp_utils/geometryUtils/src/polynomialRegression.cpp:[m[K In member function â€˜[01m[Kvoid crp::apl::PolynomialSubfunctions::calculateMmatrix(int)[m[Kâ€™:
[01m[K/home/gfigneczi1/ros2_ws/src/CooperativeResearchPlatform/crp_APL/crp_utils/geometryUtils/src/polynomialRegression.cpp:126:9:[m[K [01;31m[Kerror: [m[Kâ€˜[01m[Kuint8_t[m[Kâ€™ was not declared in this scope
  126 |    for ([01;31m[Kuint8_t[m[K i = 0; i < 7; i++)
      |         [01;31m[K^~~~~~~[m[K
[01m[K/home/gfigneczi1/ros2_ws/src/CooperativeResearchPlatform/crp_APL/crp_utils/geometryUtils/src/polynomialRegression.cpp:126:9:[m[K [01;36m[Knote: [m[Kâ€˜[01m[Kuint8_t[m[Kâ€™ is defined in header â€˜[01m[K<cstdint>[m[Kâ€™; did you forget to â€˜[01m[K#include <cstdint>[m[Kâ€™?
[01m[K/home/gfigneczi1/ros2_ws/src/CooperativeResearchPlatform/crp_APL/crp_utils/geometryUtils/src/polynomialRegression.cpp:126:24:[m[K [01;31m[Kerror: [m[Kâ€˜[01m[Ki[m[Kâ€™ was not declared in this scope
  126 |    for (uint8_t i = 0; [01;31m[Ki[m[K < 7; i++)
      |                        [01;31m[K^[m[K
[01m[K/home/gfigneczi1/ros2_ws/src/CooperativeResearchPlatform/crp_APL/crp_utils/geometryUtils/src/polynomialRegression.cpp:129:12:[m[K [01;31m[Kerror: [m[Kâ€˜[01m[Kuint16_t[m[Kâ€™ was not declared in this scope
  129 |       for ([01;31m[Kuint16_t[m[K j = 0; j < x.size(); j++)
      |            [01;31m[K^~~~~~~~[m[K
[01m[K/home/gfigneczi1/ros2_ws/src/CooperativeResearchPlatform/crp_APL/crp_utils/geometryUtils/src/polynomialRegression.cpp:129:12:[m[K [01;36m[Knote: [m[Kâ€˜[01m[Kuint16_t[m[Kâ€™ is defined in header â€˜[01m[K<cstdint>[m[Kâ€™; did you forget to â€˜[01m[K#include <cstdint>[m[Kâ€™?
[01m[K/home/gfigneczi1/ros2_ws/src/CooperativeResearchPlatform/crp_APL/crp_utils/geometryUtils/src/polynomialRegression.cpp:129:28:[m[K [01;31m[Kerror: [m[Kâ€˜[01m[Kj[m[Kâ€™ was not declared in this scope
  129 |       for (uint16_t j = 0; [01;31m[Kj[m[K < x.size(); j++)
      |                            [01;31m[K^[m[K
[01m[K/home/gfigneczi1/ros2_ws/src/CooperativeResearchPlatform/crp_APL/crp_utils/geometryUtils/src/polynomialRegression.cpp:129:32:[m[K [01;31m[Kerror: [m[Kâ€˜[01m[Kx[m[Kâ€™ was not declared in this scope
  129 |       for (uint16_t j = 0; j < [01;31m[Kx[m[K.size(); j++)
      |                                [01;31m[K^[m[K
[01m[K/home/gfigneczi1/ros2_ws/src/CooperativeResearchPlatform/crp_APL/crp_utils/geometryUtils/src/polynomialRegression.cpp:131:22:[m[K [01;31m[Kerror: [m[Kâ€˜[01m[Kpow[m[Kâ€™ was not declared in this scope
  131 |          sum = sum + [01;31m[Kpow[m[K(x.at(j), i);
      |                      [01;31m[K^~~[m[K
[01m[K/home/gfigneczi1/ros2_ws/src/CooperativeResearchPlatform/crp_APL/crp_utils/geometryUtils/src/polynomialRegression.cpp:135:9:[m[K [01;31m[Kerror: [m[Kâ€˜[01m[Kuint8_t[m[Kâ€™ was not declared in this scope
  135 |    for ([01;31m[Kuint8_t[m[K i = 0; i < 4; i++)
      |         [01;31m[K^~~~~~~[m[K
[01m[K/home/gfigneczi1/ros2_ws/src/CooperativeResearchPlatform/crp_APL/crp_utils/geometryUtils/src/polynomialRegression.cpp:135:9:[m[K [01;36m[Knote: [m[Kâ€˜[01m[Kuint8_t[m[Kâ€™ is defined in header â€˜[01m[K<cstdint>[m[Kâ€™; did you forget to â€˜[01m[K#include <cstdint>[m[Kâ€™?
[01m[K/home/gfigneczi1/ros2_ws/src/CooperativeResearchPlatform/crp_APL/crp_utils/geometryUtils/src/polynomialRegression.cpp:135:24:[m[K [01;31m[Kerror: [m[Kâ€˜[01m[Ki[m[Kâ€™ was not declared in this scope
  135 |    for (uint8_t i = 0; [01;31m[Ki[m[K < 4; i++)
      |                        [01;31m[K^[m[K
[01m[K/home/gfigneczi1/ros2_ws/src/CooperativeResearchPlatform/crp_APL/crp_utils/geometryUtils/src/polynomialRegression.cpp:137:19:[m[K [01;31m[Kerror: [m[Kexpected â€˜[01m[K;[m[Kâ€™ before â€˜[01m[Kj[m[Kâ€™
  137 |       for (uint8_t[01;31m[K [m[K[32m[Kj[m[K = 0; j < 4; j++)
      |                   [01;31m[K^[m[K[32m[K~[m[K
      |                   [32m[K;[m[K
[01m[K/home/gfigneczi1/ros2_ws/src/CooperativeResearchPlatform/crp_APL/crp_utils/geometryUtils/src/polynomialRegression.cpp:137:27:[m[K [01;31m[Kerror: [m[Kâ€˜[01m[Kj[m[Kâ€™ was not declared in this scope
  137 |       for (uint8_t j = 0; [01;31m[Kj[m[K < 4; j++)
      |                           [01;31m[K^[m[K
[01m[K/home/gfigneczi1/ros2_ws/src/CooperativeResearchPlatform/crp_APL/crp_utils/geometryUtils/src/polynomialRegression.cpp:[m[K In member function â€˜[01m[Kdouble crp::apl::PolynomialSubfunctions::calculateDeterminant(double (*)[4])[m[Kâ€™:
[01m[K/home/gfigneczi1/ros2_ws/src/CooperativeResearchPlatform/crp_APL/crp_utils/geometryUtils/src/polynomialRegression.cpp:147:9:[m[K [01;31m[Kerror: [m[Kâ€˜[01m[Kuint8_t[m[Kâ€™ was not declared in this scope
  147 |    for ([01;31m[Kuint8_t[m[K i = 0; i < 4; i++)
      |         [01;31m[K^~~~~~~[m[K
[01m[K/home/gfigneczi1/ros2_ws/src/CooperativeResearchPlatform/crp_APL/crp_utils/geometryUtils/src/polynomialRegression.cpp:147:9:[m[K [01;36m[Knote: [m[Kâ€˜[01m[Kuint8_t[m[Kâ€™ is defined in header â€˜[01m[K<cstdint>[m[Kâ€™; did you forget to â€˜[01m[K#include <cstdint>[m[Kâ€™?
[01m[K/home/gfigneczi1/ros2_ws/src/CooperativeResearchPlatform/crp_APL/crp_utils/geometryUtils/src/polynomialRegression.cpp:147:24:[m[K [01;31m[Kerror: [m[Kâ€˜[01m[Ki[m[Kâ€™ was not declared in this scope
  147 |    for (uint8_t i = 0; [01;31m[Ki[m[K < 4; i++)
      |                        [01;31m[K^[m[K
[01m[K/home/gfigneczi1/ros2_ws/src/CooperativeResearchPlatform/crp_APL/crp_utils/geometryUtils/src/polynomialRegression.cpp:[m[K At global scope:
[01m[K/home/gfigneczi1/ros2_ws/src/CooperativeResearchPlatform/crp_APL/crp_utils/geometryUtils/src/polynomialRegression.cpp:164:5:[m[K [01;31m[Kerror: [m[Kâ€˜[01m[Kuint8_t[m[Kâ€™ has not been declared
  164 |     [01;31m[Kuint8_t[m[K i)
      |     [01;31m[K^~~~~~~[m[K
[01m[K/home/gfigneczi1/ros2_ws/src/CooperativeResearchPlatform/crp_APL/crp_utils/geometryUtils/src/polynomialRegression.cpp:[m[K In member function â€˜[01m[Kdouble crp::apl::PolynomialSubfunctions::calculateSubDeterminant(double (*)[4], int)[m[Kâ€™:
[01m[K/home/gfigneczi1/ros2_ws/src/CooperativeResearchPlatform/crp_APL/crp_utils/geometryUtils/src/polynomialRegression.cpp:167:4:[m[K [01;31m[Kerror: [m[Kâ€˜[01m[Kuint8_t[m[Kâ€™ was not declared in this scope
  167 |    [01;31m[Kuint8_t[m[K columns[3];
      |    [01;31m[K^~~~~~~[m[K
[01m[K/home/gfigneczi1/ros2_ws/src/CooperativeResearchPlatform/crp_APL/crp_utils/geometryUtils/src/polynomialRegression.cpp:167:4:[m[K [01;36m[Knote: [m[Kâ€˜[01m[Kuint8_t[m[Kâ€™ is defined in header â€˜[01m[K<cstdint>[m[Kâ€™; did you forget to â€˜[01m[K#include <cstdint>[m[Kâ€™?
[01m[K/home/gfigneczi1/ros2_ws/src/CooperativeResearchPlatform/crp_APL/crp_utils/geometryUtils/src/polynomialRegression.cpp:171:10:[m[K [01;31m[Kerror: [m[Kâ€˜[01m[Kcolumns[m[Kâ€™ was not declared in this scope
  171 |          [01;31m[Kcolumns[m[K[0] = 1;
      |          [01;31m[K^~~~~~~[m[K
[01m[K/home/gfigneczi1/ros2_ws/src/CooperativeResearchPlatform/crp_APL/crp_utils/geometryUtils/src/polynomialRegression.cpp:191:16:[m[K [01;31m[Kerror: [m[Kexpected â€˜[01m[K;[m[Kâ€™ before â€˜[01m[Kj[m[Kâ€™
  191 |    for (uint8_t[01;31m[K [m[K[32m[Kj[m[K = 0; j < 3; j++)
      |                [01;31m[K^[m[K[32m[K~[m[K
      |                [32m[K;[m[K
[01m[K/home/gfigneczi1/ros2_ws/src/CooperativeResearchPlatform/crp_APL/crp_utils/geometryUtils/src/polynomialRegression.cpp:191:24:[m[K [01;31m[Kerror: [m[Kâ€˜[01m[Kj[m[Kâ€™ was not declared in this scope
  191 |    for (uint8_t j = 0; [01;31m[Kj[m[K < 3; j++)
      |                        [01;31m[K^[m[K
[01m[K/home/gfigneczi1/ros2_ws/src/CooperativeResearchPlatform/crp_APL/crp_utils/geometryUtils/src/polynomialRegression.cpp:193:19:[m[K [01;31m[Kerror: [m[Kexpected â€˜[01m[K;[m[Kâ€™ before â€˜[01m[Kk[m[Kâ€™
  193 |       for (uint8_t[01;31m[K [m[K[32m[Kk[m[K = 0; k < 3; k++)
      |                   [01;31m[K^[m[K[32m[K~[m[K
      |                   [32m[K;[m[K
[01m[K/home/gfigneczi1/ros2_ws/src/CooperativeResearchPlatform/crp_APL/crp_utils/geometryUtils/src/polynomialRegression.cpp:193:27:[m[K [01;31m[Kerror: [m[Kâ€˜[01m[Kk[m[Kâ€™ was not declared in this scope
  193 |       for (uint8_t k = 0; [01;31m[Kk[m[K < 3; k++)
      |                           [01;31m[K^[m[K
[01m[K/home/gfigneczi1/ros2_ws/src/CooperativeResearchPlatform/crp_APL/crp_utils/geometryUtils/src/polynomialRegression.cpp:195:30:[m[K [01;31m[Kerror: [m[Kâ€˜[01m[Kcolumns[m[Kâ€™ was not declared in this scope
  195 |          m[j][k] = Mx[j + 1][[01;31m[Kcolumns[m[K[k]];
      |                              [01;31m[K^~~~~~~[m[K
[01m[K/home/gfigneczi1/ros2_ws/src/CooperativeResearchPlatform/crp_APL/crp_utils/geometryUtils/src/polynomialRegression.cpp:[m[K At global scope:
[01m[K/home/gfigneczi1/ros2_ws/src/CooperativeResearchPlatform/crp_APL/crp_utils/geometryUtils/src/polynomialRegression.cpp:204:6:[m[K [01;31m[Kerror: [m[Kvariable or field â€˜[01m[KcalculateModifiedMMatrix[m[Kâ€™ declared void
  204 | void [01;31m[Kcrp[m[K::apl::PolynomialSubfunctions::calculateModifiedMMatrix(uint8_t k)
      |      [01;31m[K^~~[m[K
[01m[K/home/gfigneczi1/ros2_ws/src/CooperativeResearchPlatform/crp_APL/crp_utils/geometryUtils/src/polynomialRegression.cpp:204:65:[m[K [01;31m[Kerror: [m[Kâ€˜[01m[Kuint8_t[m[Kâ€™ was not declared in this scope
  204 | void crp::apl::PolynomialSubfunctions::calculateModifiedMMatrix([01;31m[Kuint8_t[m[K k)
      |                                                                 [01;31m[K^~~~~~~[m[K
[01m[K/home/gfigneczi1/ros2_ws/src/CooperativeResearchPlatform/crp_APL/crp_utils/geometryUtils/src/polynomialRegression.cpp:204:65:[m[K [01;36m[Knote: [m[Kâ€˜[01m[Kuint8_t[m[Kâ€™ is defined in header â€˜[01m[K<cstdint>[m[Kâ€™; did you forget to â€˜[01m[K#include <cstdint>[m[Kâ€™?
gmake[2]: *** [CMakeFiles/plan_lat_lane_follow_ldm.dir/build.make:174: CMakeFiles/plan_lat_lane_follow_ldm.dir/home/gfigneczi1/ros2_ws/src/CooperativeResearchPlatform/crp_APL/crp_utils/geometryUtils/src/polynomialRegression.cpp.o] Error 1
gmake[2]: *** Waiting for unfinished jobs....
[01m[K/home/gfigneczi1/ros2_ws/src/CooperativeResearchPlatform/crp_APL/planners/plan_lat_lane_follow_ldm/src/wrapperPlanLatLaneFollowLdm.cpp:[m[K In member function â€˜[01m[Kvirtual void crp::apl::PlanLatLaneFollowHandler::plan(const crp::apl::PlannerInput&, crp::apl::PlannerOutput&)[m[Kâ€™:
[01m[K/home/gfigneczi1/ros2_ws/src/CooperativeResearchPlatform/crp_APL/planners/plan_lat_lane_follow_ldm/src/wrapperPlanLatLaneFollowLdm.cpp:12:22:[m[K [01;35m[Kwarning: [m[Kvariable â€˜[01m[KtrajectoryOutput[m[Kâ€™ set but not used [[01;35m[K]8;;https://gcc.gnu.org/onlinedocs/gcc/Warning-Options.html#index-Wunused-but-set-variable-Wunused-but-set-variable]8;;[m[K]
   12 |     TrajectoryOutput [01;35m[KtrajectoryOutput[m[K = m_linearDriverModel.runCoeffsLite(
      |                      [01;35m[K^~~~~~~~~~~~~~~~[m[K
[01m[K/home/gfigneczi1/ros2_ws/src/CooperativeResearchPlatform/crp_APL/planners/plan_lat_lane_follow_ldm/src/wrapperPlanLatLaneFollowLdm.cpp:9:68:[m[K [01;35m[Kwarning: [m[Kunused parameter â€˜[01m[Kinput[m[Kâ€™ [[01;35m[K]8;;https://gcc.gnu.org/onlinedocs/gcc/Warning-Options.html#index-Wunused-parameter-Wunused-parameter]8;;[m[K]
    9 | void crp::apl::PlanLatLaneFollowHandler::plan([01;35m[Kconst PlannerInput & input[m[K, PlannerOutput & output)
      |                                               [01;35m[K~~~~~~~~~~~~~~~~~~~~~^~~~~[m[K
[01m[K/home/gfigneczi1/ros2_ws/src/CooperativeResearchPlatform/crp_APL/planners/plan_lat_lane_follow_ldm/src/wrapperPlanLatLaneFollowLdm.cpp:9:91:[m[K [01;35m[Kwarning: [m[Kunused parameter â€˜[01m[Koutput[m[Kâ€™ [[01;35m[K]8;;https://gcc.gnu.org/onlinedocs/gcc/Warning-Options.html#index-Wunused-parameter-Wunused-parameter]8;;[m[K]
    9 | void crp::apl::PlanLatLaneFollowHandler::plan(const PlannerInput & input, [01;35m[KPlannerOutput & output[m[K)
      |                                                                           [01;35m[K~~~~~~~~~~~~~~~~^~~~~~[m[K
[01m[K/home/gfigneczi1/ros2_ws/src/CooperativeResearchPlatform/crp_APL/planners/plan_lat_lane_follow_ldm/src/wrapperPlanLatLaneFollowLdm.cpp:[m[K In member function â€˜[01m[Kvoid crp::apl::PlanLatLaneFollowHandler::fitPolynomialOnWaypoints(const crp::apl::PlannerInput&)[m[Kâ€™:
[01m[K/home/gfigneczi1/ros2_ws/src/CooperativeResearchPlatform/crp_APL/planners/plan_lat_lane_follow_ldm/src/wrapperPlanLatLaneFollowLdm.cpp:20:26:[m[K [01;35m[Kwarning: [m[Kunused parameter â€˜[01m[Kinput[m[Kâ€™ [[01;35m[K]8;;https://gcc.gnu.org/onlinedocs/gcc/Warning-Options.html#index-Wunused-parameter-Wunused-parameter]8;;[m[K]
   20 |     [01;35m[Kconst PlannerInput & input[m[K)
      |     [01;35m[K~~~~~~~~~~~~~~~~~~~~~^~~~~[m[K
gmake[1]: *** [CMakeFiles/Makefile2:137: CMakeFiles/plan_lat_lane_follow_ldm.dir/all] Error 2
gmake: *** [Makefile:146: all] Error 2
