[01m[K/home/gfigneczi1/ros2_ws/src/CooperativeResearchPlatform/crp_APL/planners/plan_lat_lane_follow_ldm/src/functionCode/src/linearDriverModel.cpp:14:10:[m[K [01;31m[Kfatal error: [m[KlinearDriverModel/linearDriverModel.hpp: No such file or directory
   14 | #include [01;31m[K"linearDriverModel/linearDriverModel.hpp"[m[K
      |          [01;31m[K^~~~~~~~~~~~~~~~~~~~~~~~~~~~~~~~~~~~~~~~~[m[K
[01m[K/home/gfigneczi1/ros2_ws/src/CooperativeResearchPlatform/crp_APL/planners/plan_lat_lane_follow_ldm/src/functionCode/src/linearDriverModel_controlLogic.cpp:14:10:[m[K [01;31m[Kfatal error: [m[KlinearDriverModel/linearDriverModel.hpp: No such file or directory
   14 | #include [01;31m[K"linearDriverModel/linearDriverModel.hpp"[m[K
      |          [01;31m[K^~~~~~~~~~~~~~~~~~~~~~~~~~~~~~~~~~~~~~~~~[m[K
compilation terminated.
compilation terminated.
[01m[K/home/gfigneczi1/ros2_ws/src/CooperativeResearchPlatform/crp_APL/planners/plan_lat_lane_follow_ldm/src/functionCode/src/linearDriverModelDriverModel/linearDriverModel_driverModel.cpp:14:10:[m[K [01;31m[Kfatal error: [m[KlinearDriverModel/linearDriverModel.hpp: No such file or directory
   14 | #include [01;31m[K"linearDriverModel/linearDriverModel.hpp"[m[K
      |          [01;31m[K^~~~~~~~~~~~~~~~~~~~~~~~~~~~~~~~~~~~~~~~~[m[K
compilation terminated.
[01m[K/home/gfigneczi1/ros2_ws/src/CooperativeResearchPlatform/crp_APL/planners/plan_lat_lane_follow_ldm/src/wrapper.cpp:1:10:[m[K [01;31m[Kfatal error: [m[Kplan_lat_lane_follow_ldm/include/wrapper.hpp: No such file or directory
    1 | #include [01;31m[K"plan_lat_lane_follow_ldm/include/wrapper.hpp"[m[K
      |          [01;31m[K^~~~~~~~~~~~~~~~~~~~~~~~~~~~~~~~~~~~~~~~~~~~~~[m[K
compilation terminated.
gmake[2]: *** [CMakeFiles/plan_lat_lane_follow_ldm.dir/build.make:90: CMakeFiles/plan_lat_lane_follow_ldm.dir/src/functionCode/src/linearDriverModel_controlLogic.cpp.o] Error 1
gmake[2]: *** Waiting for unfinished jobs....
gmake[2]: *** [CMakeFiles/plan_lat_lane_follow_ldm.dir/build.make:104: CMakeFiles/plan_lat_lane_follow_ldm.dir/src/functionCode/src/linearDriverModel.cpp.o] Error 1
gmake[2]: *** [CMakeFiles/plan_lat_lane_follow_ldm.dir/build.make:118: CMakeFiles/plan_lat_lane_follow_ldm.dir/src/functionCode/src/linearDriverModelDriverModel/linearDriverModel_driverModel.cpp.o] Error 1
gmake[2]: *** [CMakeFiles/plan_lat_lane_follow_ldm.dir/build.make:76: CMakeFiles/plan_lat_lane_follow_ldm.dir/src/wrapper.cpp.o] Error 1
gmake[1]: *** [CMakeFiles/Makefile2:137: CMakeFiles/plan_lat_lane_follow_ldm.dir/all] Error 2
gmake: *** [Makefile:146: all] Error 2
